{"/Users/gianksp/Documents/GitHub/webstudioso/sdk/src/constant.js": {"path":"/Users/gianksp/Documents/GitHub/webstudioso/sdk/src/constant.js","statementMap":{"0":{"start":{"line":1,"column":18},"end":{"line":15,"column":1}}},"fnMap":{},"branchMap":{},"s":{"0":1},"f":{},"b":{},"_coverageSchema":"1a1c01bbd47fc00a2c39e90264f33305004495a9","hash":"b9479c6aacbb014fb966be025e489adc58bc97ba"}
,"/Users/gianksp/Documents/GitHub/webstudioso/sdk/src/index.js": {"path":"/Users/gianksp/Documents/GitHub/webstudioso/sdk/src/index.js","statementMap":{"0":{"start":{"line":9,"column":18},"end":{"line":17,"column":1}},"1":{"start":{"line":19,"column":0},"end":{"line":19,"column":28}},"2":{"start":{"line":23,"column":0},"end":{"line":23,"column":41}}},"fnMap":{},"branchMap":{},"s":{"0":0,"1":0,"2":0},"f":{},"b":{}}
,"/Users/gianksp/Documents/GitHub/webstudioso/sdk/src/utils.js": {"path":"/Users/gianksp/Documents/GitHub/webstudioso/sdk/src/utils.js","statementMap":{"0":{"start":{"line":1,"column":28},"end":{"line":3,"column":1}},"1":{"start":{"line":2,"column":4},"end":{"line":2,"column":38}}},"fnMap":{"0":{"name":"(anonymous_0)","decl":{"start":{"line":1,"column":28},"end":{"line":1,"column":29}},"loc":{"start":{"line":1,"column":36},"end":{"line":3,"column":1}},"line":1}},"branchMap":{},"s":{"0":1,"1":0},"f":{"0":0},"b":{},"_coverageSchema":"1a1c01bbd47fc00a2c39e90264f33305004495a9","hash":"8006c636e8348606f28597764b55c85d9ca95a94"}
}
